{
"contracts/ERC_5521.sol":{"l":{"24":5,"30":7,"32":7,"33":5,"41":3,"42":3,"43":3,"53":5,"54":5,"55":5,"56":0,"59":5,"60":5,"68":5,"70":5,"71":5,"72":5,"74":5,"77":5,"78":5,"84":5,"85":5,"86":0,"87":0,"88":0,"89":0,"92":0,"93":0,"94":0,"97":0,"98":0,"101":5,"102":5,"103":5,"105":5,"114":5,"115":5,"116":5,"117":3,"120":5,"121":5,"122":0,"125":5,"126":5,"140":1,"141":1,"143":1,"144":1,"145":1,"147":0,"148":0,"152":0,"154":1,"167":1,"168":1,"170":1,"171":1,"172":1,"174":0,"175":0,"179":0,"181":1,"193":0,"195":0,"196":0,"197":0,"198":0,"200":0,"201":0,"205":0,"207":0,"212":8,"223":5,"229":10,"230":10,"232":10,"241":22,"243":22,"244":22,"246":22,"247":11,"248":11,"249":11,"250":7,"253":11,"254":11,"255":11,"256":6,"259":22,"266":17},"path":"/home/martin/decentralized_marketplace2/contracts/ERC_5521.sol","s":{"1":7,"2":7,"3":5,"4":3,"5":3,"6":3,"7":5,"8":5,"9":5,"10":0,"11":5,"12":5,"13":5,"14":5,"15":5,"16":5,"17":5,"18":5,"19":5,"20":0,"21":0,"22":0,"23":0,"24":0,"25":0,"26":0,"27":0,"28":0,"29":5,"30":5,"31":5,"32":5,"33":5,"34":5,"35":5,"36":3,"37":5,"38":5,"39":0,"40":5,"41":5,"42":1,"43":1,"44":1,"45":1,"46":0,"47":0,"48":1,"49":1,"50":1,"51":1,"52":1,"53":0,"54":0,"55":1,"56":0,"57":0,"58":0,"59":0,"60":0,"61":0,"62":0,"63":8,"64":5,"65":10,"66":10,"67":10,"68":22,"69":22,"70":22,"71":22,"72":11,"73":11,"74":22,"75":17},"b":{"1":[5,2],"2":[3,0],"3":[3,0],"4":[5,0],"5":[0,5],"6":[5,0],"7":[0,5],"8":[0,0],"9":[0,0],"10":[0,0],"11":[5,0],"12":[3,2],"13":[5,0],"14":[0,5],"15":[1,0],"16":[1,0],"17":[0,0],"18":[1,0],"19":[1,0],"20":[0,0],"21":[0,0],"22":[0,0],"23":[0,0],"24":[0,5],"25":[5,0],"26":[11,11]},"f":{"1":5,"2":7,"3":3,"4":5,"5":5,"6":5,"7":5,"8":1,"9":1,"10":0,"11":8,"12":5,"13":10,"14":22,"15":17},"fnMap":{"1":{"name":"constructor","line":23,"loc":{"start":{"line":23,"column":4},"end":{"line":25,"column":4}}},"2":{"name":"safeMint","line":27,"loc":{"start":{"line":27,"column":4},"end":{"line":35,"column":4}}},"3":{"name":"setTokenURI","line":40,"loc":{"start":{"line":40,"column":4},"end":{"line":44,"column":4}}},"4":{"name":"setNode","line":48,"loc":{"start":{"line":48,"column":4},"end":{"line":61,"column":4}}},"5":{"name":"setNodeReferring","line":65,"loc":{"start":{"line":65,"column":4},"end":{"line":79,"column":4}}},"6":{"name":"setNodeReferred","line":83,"loc":{"start":{"line":83,"column":4},"end":{"line":109,"column":4}}},"7":{"name":"setNodeReferredExternal","line":113,"loc":{"start":{"line":113,"column":4},"end":{"line":128,"column":4}}},"8":{"name":"referringOf","line":133,"loc":{"start":{"line":133,"column":4},"end":{"line":155,"column":4}}},"9":{"name":"referredOf","line":160,"loc":{"start":{"line":160,"column":4},"end":{"line":182,"column":4}}},"10":{"name":"createdTimestampOf","line":187,"loc":{"start":{"line":187,"column":4},"end":{"line":208,"column":4}}},"11":{"name":"tokenURI","line":211,"loc":{"start":{"line":211,"column":4},"end":{"line":213,"column":4}}},"12":{"name":"supportsInterface","line":216,"loc":{"start":{"line":216,"column":4},"end":{"line":225,"column":4}}},"13":{"name":"emitEvents","line":228,"loc":{"start":{"line":228,"column":4},"end":{"line":233,"column":4}}},"14":{"name":"convertMap","line":236,"loc":{"start":{"line":236,"column":4},"end":{"line":260,"column":4}}},"15":{"name":"_exists","line":265,"loc":{"start":{"line":265,"column":4},"end":{"line":267,"column":4}}}},"statementMap":{"1":{"start":{"line":30,"column":8},"end":{"line":30,"column":29}},"2":{"start":{"line":32,"column":8},"end":{"line":32,"column":1263}},"3":{"start":{"line":33,"column":12},"end":{"line":33,"column":49}},"4":{"start":{"line":41,"column":8},"end":{"line":41,"column":66}},"5":{"start":{"line":42,"column":8},"end":{"line":42,"column":100}},"6":{"start":{"line":43,"column":8},"end":{"line":43,"column":39}},"7":{"start":{"line":53,"column":8},"end":{"line":53,"column":109}},"8":{"start":{"line":54,"column":8},"end":{"line":54,"column":2353}},"9":{"start":{"line":55,"column":12},"end":{"line":55,"column":2417}},"10":{"start":{"line":56,"column":16},"end":{"line":56,"column":69}},"11":{"start":{"line":59,"column":8},"end":{"line":59,"column":53}},"12":{"start":{"line":60,"column":8},"end":{"line":60,"column":52}},"13":{"start":{"line":68,"column":8},"end":{"line":68,"column":66}},"14":{"start":{"line":70,"column":8},"end":{"line":70,"column":3174}},"15":{"start":{"line":71,"column":12},"end":{"line":71,"column":3239}},"16":{"start":{"line":72,"column":16},"end":{"line":72,"column":60}},"17":{"start":{"line":78,"column":8},"end":{"line":78,"column":38}},"18":{"start":{"line":84,"column":8},"end":{"line":84,"column":3924}},"19":{"start":{"line":85,"column":12},"end":{"line":85,"column":3989}},"20":{"start":{"line":86,"column":16},"end":{"line":86,"column":4046}},"21":{"start":{"line":87,"column":20},"end":{"line":87,"column":86}},"22":{"start":{"line":88,"column":20},"end":{"line":88,"column":4210}},"23":{"start":{"line":89,"column":24},"end":{"line":89,"column":67}},"24":{"start":{"line":92,"column":20},"end":{"line":92,"column":94}},"25":{"start":{"line":93,"column":20},"end":{"line":93,"column":4514}},"26":{"start":{"line":94,"column":24},"end":{"line":94,"column":86}},"27":{"start":{"line":97,"column":20},"end":{"line":97,"column":69}},"28":{"start":{"line":98,"column":20},"end":{"line":98,"column":72}},"29":{"start":{"line":101,"column":16},"end":{"line":101,"column":84}},"30":{"start":{"line":102,"column":16},"end":{"line":102,"column":108}},"31":{"start":{"line":103,"column":16},"end":{"line":103,"column":5137}},"32":{"start":{"line":105,"column":20},"end":{"line":105,"column":103}},"33":{"start":{"line":114,"column":8},"end":{"line":114,"column":5743}},"34":{"start":{"line":115,"column":12},"end":{"line":115,"column":75}},"35":{"start":{"line":116,"column":12},"end":{"line":116,"column":5885}},"36":{"start":{"line":117,"column":16},"end":{"line":117,"column":55}},"37":{"start":{"line":120,"column":12},"end":{"line":120,"column":100}},"38":{"start":{"line":121,"column":12},"end":{"line":121,"column":6163}},"39":{"start":{"line":122,"column":16},"end":{"line":122,"column":78}},"40":{"start":{"line":125,"column":12},"end":{"line":125,"column":56}},"41":{"start":{"line":126,"column":12},"end":{"line":126,"column":58}},"42":{"start":{"line":140,"column":8},"end":{"line":140,"column":39}},"43":{"start":{"line":141,"column":8},"end":{"line":141,"column":43}},"44":{"start":{"line":143,"column":8},"end":{"line":143,"column":7002}},"45":{"start":{"line":144,"column":12},"end":{"line":144,"column":70}},"46":{"start":{"line":147,"column":12},"end":{"line":147,"column":76}},"47":{"start":{"line":148,"column":12},"end":{"line":148,"column":7295}},"48":{"start":{"line":154,"column":8},"end":{"line":154,"column":49}},"49":{"start":{"line":167,"column":8},"end":{"line":167,"column":38}},"50":{"start":{"line":168,"column":8},"end":{"line":168,"column":42}},"51":{"start":{"line":170,"column":8},"end":{"line":170,"column":8125}},"52":{"start":{"line":171,"column":12},"end":{"line":171,"column":70}},"53":{"start":{"line":174,"column":12},"end":{"line":174,"column":76}},"54":{"start":{"line":175,"column":12},"end":{"line":175,"column":8417}},"55":{"start":{"line":181,"column":8},"end":{"line":181,"column":47}},"56":{"start":{"line":193,"column":8},"end":{"line":193,"column":32}},"57":{"start":{"line":195,"column":8},"end":{"line":195,"column":9240}},"58":{"start":{"line":196,"column":12},"end":{"line":196,"column":70}},"59":{"start":{"line":197,"column":12},"end":{"line":197,"column":70}},"60":{"start":{"line":200,"column":12},"end":{"line":200,"column":76}},"61":{"start":{"line":201,"column":12},"end":{"line":201,"column":9591}},"62":{"start":{"line":207,"column":8},"end":{"line":207,"column":31}},"63":{"start":{"line":212,"column":8},"end":{"line":212,"column":38}},"64":{"start":{"line":223,"column":8},"end":{"line":223,"column":10430}},"65":{"start":{"line":229,"column":8},"end":{"line":229,"column":106}},"66":{"start":{"line":230,"column":8},"end":{"line":230,"column":105}},"67":{"start":{"line":232,"column":8},"end":{"line":232,"column":106}},"68":{"start":{"line":241,"column":8},"end":{"line":241,"column":66}},"69":{"start":{"line":243,"column":8},"end":{"line":243,"column":35}},"70":{"start":{"line":244,"column":8},"end":{"line":244,"column":39}},"71":{"start":{"line":246,"column":8},"end":{"line":246,"column":11383}},"72":{"start":{"line":249,"column":12},"end":{"line":249,"column":11534}},"73":{"start":{"line":255,"column":12},"end":{"line":255,"column":11815}},"74":{"start":{"line":259,"column":8},"end":{"line":259,"column":41}},"75":{"start":{"line":266,"column":8},"end":{"line":266,"column":45}}},"branchMap":{"1":{"line":32,"type":"if","locations":[{"start":{"line":32,"column":8},"end":{"line":32,"column":8}},{"start":{"line":32,"column":8},"end":{"line":32,"column":8}}]},"2":{"line":41,"type":"if","locations":[{"start":{"line":41,"column":8},"end":{"line":41,"column":8}},{"start":{"line":41,"column":8},"end":{"line":41,"column":8}}]},"3":{"line":42,"type":"if","locations":[{"start":{"line":42,"column":8},"end":{"line":42,"column":8}},{"start":{"line":42,"column":8},"end":{"line":42,"column":8}}]},"4":{"line":53,"type":"if","locations":[{"start":{"line":53,"column":8},"end":{"line":53,"column":8}},{"start":{"line":53,"column":8},"end":{"line":53,"column":8}}]},"5":{"line":55,"type":"if","locations":[{"start":{"line":55,"column":12},"end":{"line":55,"column":12}},{"start":{"line":55,"column":12},"end":{"line":55,"column":12}}]},"6":{"line":71,"type":"if","locations":[{"start":{"line":71,"column":12},"end":{"line":71,"column":12}},{"start":{"line":71,"column":12},"end":{"line":71,"column":12}}]},"7":{"line":85,"type":"if","locations":[{"start":{"line":85,"column":12},"end":{"line":85,"column":12}},{"start":{"line":85,"column":12},"end":{"line":85,"column":12}}]},"8":{"line":88,"type":"if","locations":[{"start":{"line":88,"column":20},"end":{"line":88,"column":20}},{"start":{"line":88,"column":20},"end":{"line":88,"column":20}}]},"9":{"line":92,"type":"if","locations":[{"start":{"line":92,"column":20},"end":{"line":92,"column":20}},{"start":{"line":92,"column":20},"end":{"line":92,"column":20}}]},"10":{"line":93,"type":"if","locations":[{"start":{"line":93,"column":20},"end":{"line":93,"column":20}},{"start":{"line":93,"column":20},"end":{"line":93,"column":20}}]},"11":{"line":103,"type":"if","locations":[{"start":{"line":103,"column":16},"end":{"line":103,"column":16}},{"start":{"line":103,"column":16},"end":{"line":103,"column":16}}]},"12":{"line":116,"type":"if","locations":[{"start":{"line":116,"column":12},"end":{"line":116,"column":12}},{"start":{"line":116,"column":12},"end":{"line":116,"column":12}}]},"13":{"line":120,"type":"if","locations":[{"start":{"line":120,"column":12},"end":{"line":120,"column":12}},{"start":{"line":120,"column":12},"end":{"line":120,"column":12}}]},"14":{"line":121,"type":"if","locations":[{"start":{"line":121,"column":12},"end":{"line":121,"column":12}},{"start":{"line":121,"column":12},"end":{"line":121,"column":12}}]},"15":{"line":143,"type":"if","locations":[{"start":{"line":143,"column":8},"end":{"line":143,"column":8}},{"start":{"line":143,"column":8},"end":{"line":143,"column":8}}]},"16":{"line":144,"type":"if","locations":[{"start":{"line":144,"column":12},"end":{"line":144,"column":12}},{"start":{"line":144,"column":12},"end":{"line":144,"column":12}}]},"17":{"line":148,"type":"if","locations":[{"start":{"line":148,"column":12},"end":{"line":148,"column":12}},{"start":{"line":148,"column":12},"end":{"line":148,"column":12}}]},"18":{"line":170,"type":"if","locations":[{"start":{"line":170,"column":8},"end":{"line":170,"column":8}},{"start":{"line":170,"column":8},"end":{"line":170,"column":8}}]},"19":{"line":171,"type":"if","locations":[{"start":{"line":171,"column":12},"end":{"line":171,"column":12}},{"start":{"line":171,"column":12},"end":{"line":171,"column":12}}]},"20":{"line":175,"type":"if","locations":[{"start":{"line":175,"column":12},"end":{"line":175,"column":12}},{"start":{"line":175,"column":12},"end":{"line":175,"column":12}}]},"21":{"line":195,"type":"if","locations":[{"start":{"line":195,"column":8},"end":{"line":195,"column":8}},{"start":{"line":195,"column":8},"end":{"line":195,"column":8}}]},"22":{"line":196,"type":"if","locations":[{"start":{"line":196,"column":12},"end":{"line":196,"column":12}},{"start":{"line":196,"column":12},"end":{"line":196,"column":12}}]},"23":{"line":201,"type":"if","locations":[{"start":{"line":201,"column":12},"end":{"line":201,"column":12}},{"start":{"line":201,"column":12},"end":{"line":201,"column":12}}]},"24":{"line":223,"type":"cond-expr","locations":[{"start":{"line":223,"column":15},"end":{"line":223,"column":56}},{"start":{"line":223,"column":61},"end":{"line":223,"column":107}}]},"25":{"line":223,"type":"cond-expr","locations":[{"start":{"line":223,"column":15},"end":{"line":223,"column":107}},{"start":{"line":224,"column":15},"end":{"line":224,"column":50}}]},"26":{"line":246,"type":"if","locations":[{"start":{"line":246,"column":8},"end":{"line":246,"column":8}},{"start":{"line":246,"column":8},"end":{"line":246,"column":8}}]}}},
"contracts/IERC_5521.sol":{"l":{},"path":"/home/martin/decentralized_marketplace2/contracts/IERC_5521.sol","s":{},"b":{},"f":{},"fnMap":{},"statementMap":{},"branchMap":{}},
"contracts/LicenseManager.sol":{"l":{"30":3,"44":4,"47":4,"48":4,"51":0,"55":4,"58":0,"62":4,"63":4,"66":4,"67":4,"69":4,"70":4,"71":4,"72":4,"75":4,"78":4,"81":4,"82":4,"85":4,"86":4,"87":4,"89":4,"91":4,"100":1,"102":1,"103":2,"104":2,"105":1,"109":0,"122":0,"123":0,"126":0,"127":0,"128":0,"133":0,"134":0,"137":0,"138":0,"139":0,"140":0,"144":0},"path":"/home/martin/decentralized_marketplace2/contracts/LicenseManager.sol","s":{"1":4,"2":4,"3":4,"4":4,"5":4,"6":4,"7":4,"8":4,"9":4,"10":4,"11":4,"12":4,"13":4,"14":4,"15":4,"16":1,"17":1,"18":2,"19":2,"20":1,"21":0,"22":0,"23":0,"24":0,"25":0,"26":0,"27":0,"28":0,"29":0,"30":0},"b":{"1":[0,4],"2":[1,1],"3":[0,0],"4":[0,0]},"f":{"1":3,"2":4,"3":1,"4":0},"fnMap":{"1":{"name":"constructor","line":29,"loc":{"start":{"line":29,"column":4},"end":{"line":31,"column":4}}},"2":{"name":"mintLicense","line":38,"loc":{"start":{"line":38,"column":4},"end":{"line":92,"column":4}}},"3":{"name":"hasLicense","line":99,"loc":{"start":{"line":99,"column":4},"end":{"line":110,"column":4}}},"4":{"name":"getUserLicenses","line":117,"loc":{"start":{"line":117,"column":4},"end":{"line":145,"column":4}}}},"statementMap":{"1":{"start":{"line":44,"column":8},"end":{"line":44,"column":55}},"2":{"start":{"line":47,"column":8},"end":{"line":47,"column":48}},"3":{"start":{"line":48,"column":8},"end":{"line":48,"column":1753}},"4":{"start":{"line":55,"column":8},"end":{"line":55,"column":1968}},"5":{"start":{"line":62,"column":8},"end":{"line":62,"column":42}},"6":{"start":{"line":66,"column":8},"end":{"line":66,"column":56}},"7":{"start":{"line":69,"column":8},"end":{"line":69,"column":59}},"8":{"start":{"line":70,"column":8},"end":{"line":70,"column":55}},"9":{"start":{"line":75,"column":8},"end":{"line":75,"column":63}},"10":{"start":{"line":78,"column":8},"end":{"line":78,"column":67}},"11":{"start":{"line":81,"column":8},"end":{"line":81,"column":88}},"12":{"start":{"line":82,"column":8},"end":{"line":82,"column":42}},"13":{"start":{"line":87,"column":8},"end":{"line":87,"column":65}},"14":{"start":{"line":89,"column":8},"end":{"line":89,"column":72}},"15":{"start":{"line":91,"column":8},"end":{"line":91,"column":24}},"16":{"start":{"line":100,"column":8},"end":{"line":100,"column":78}},"17":{"start":{"line":102,"column":8},"end":{"line":102,"column":3812}},"18":{"start":{"line":103,"column":12},"end":{"line":103,"column":43}},"19":{"start":{"line":104,"column":12},"end":{"line":104,"column":3921}},"20":{"start":{"line":105,"column":16},"end":{"line":105,"column":27}},"21":{"start":{"line":109,"column":8},"end":{"line":109,"column":20}},"22":{"start":{"line":122,"column":8},"end":{"line":122,"column":81}},"23":{"start":{"line":123,"column":8},"end":{"line":123,"column":25}},"24":{"start":{"line":126,"column":8},"end":{"line":126,"column":4671}},"25":{"start":{"line":127,"column":12},"end":{"line":127,"column":4738}},"26":{"start":{"line":133,"column":8},"end":{"line":133,"column":60}},"27":{"start":{"line":134,"column":8},"end":{"line":134,"column":25}},"28":{"start":{"line":137,"column":8},"end":{"line":137,"column":5016}},"29":{"start":{"line":138,"column":12},"end":{"line":138,"column":5083}},"30":{"start":{"line":144,"column":8},"end":{"line":144,"column":27}}},"branchMap":{"1":{"line":44,"type":"if","locations":[{"start":{"line":44,"column":8},"end":{"line":44,"column":8}},{"start":{"line":44,"column":8},"end":{"line":44,"column":8}}]},"2":{"line":104,"type":"if","locations":[{"start":{"line":104,"column":12},"end":{"line":104,"column":12}},{"start":{"line":104,"column":12},"end":{"line":104,"column":12}}]},"3":{"line":127,"type":"if","locations":[{"start":{"line":127,"column":12},"end":{"line":127,"column":12}},{"start":{"line":127,"column":12},"end":{"line":127,"column":12}}]},"4":{"line":138,"type":"if","locations":[{"start":{"line":138,"column":12},"end":{"line":138,"column":12}},{"start":{"line":138,"column":12},"end":{"line":138,"column":12}}]}}},
"contracts/Marketplace.sol":{"l":{"64":3,"78":3,"83":0,"84":0,"90":3,"93":3,"96":3,"99":3,"102":3,"105":3,"108":3,"119":4,"122":4,"125":4,"126":4,"128":4,"131":4,"136":4,"137":4,"139":4,"147":4,"149":4,"157":0,"160":0},"path":"/home/martin/decentralized_marketplace2/contracts/Marketplace.sol","s":{"1":3,"2":0,"3":0,"4":3,"5":3,"6":3,"7":3,"8":3,"9":3,"10":4,"11":4,"12":4,"13":4,"14":4,"15":4,"16":4,"17":4,"18":4,"19":4,"20":4,"21":0},"b":{"1":[0,0],"2":[0,3],"3":[0,3],"4":[0,3],"5":[0,3],"6":[0,4],"7":[0,4],"8":[0,4],"9":[0,0]},"f":{"1":3,"2":3,"3":0,"4":3,"5":4,"6":0},"fnMap":{"1":{"name":"constructor","line":63,"loc":{"start":{"line":63,"column":4},"end":{"line":65,"column":4}}},"2":{"name":"checkIsListed","line":77,"loc":{"start":{"line":77,"column":4},"end":{"line":79,"column":4}}},"3":{"name":"getListingPrice","line":82,"loc":{"start":{"line":82,"column":4},"end":{"line":85,"column":4}}},"4":{"name":"listSoftware","line":88,"loc":{"start":{"line":88,"column":4},"end":{"line":109,"column":4}}},"5":{"name":"buySoftware","line":112,"loc":{"start":{"line":112,"column":4},"end":{"line":150,"column":4}}},"6":{"name":"cancelListing","line":155,"loc":{"start":{"line":155,"column":4},"end":{"line":161,"column":4}}}},"statementMap":{"1":{"start":{"line":78,"column":8},"end":{"line":78,"column":54}},"2":{"start":{"line":83,"column":8},"end":{"line":83,"column":72}},"3":{"start":{"line":84,"column":8},"end":{"line":84,"column":50}},"4":{"start":{"line":90,"column":8},"end":{"line":90,"column":78}},"5":{"start":{"line":93,"column":8},"end":{"line":93,"column":82}},"6":{"start":{"line":96,"column":8},"end":{"line":96,"column":68}},"7":{"start":{"line":99,"column":8},"end":{"line":99,"column":66}},"8":{"start":{"line":102,"column":8},"end":{"line":102,"column":91}},"9":{"start":{"line":108,"column":8},"end":{"line":108,"column":81}},"10":{"start":{"line":119,"column":8},"end":{"line":119,"column":72}},"11":{"start":{"line":122,"column":8},"end":{"line":122,"column":96}},"12":{"start":{"line":125,"column":8},"end":{"line":125,"column":59}},"13":{"start":{"line":126,"column":8},"end":{"line":126,"column":57}},"14":{"start":{"line":128,"column":8},"end":{"line":128,"column":67}},"15":{"start":{"line":131,"column":8},"end":{"line":131,"column":110}},"16":{"start":{"line":136,"column":8},"end":{"line":136,"column":68}},"17":{"start":{"line":137,"column":8},"end":{"line":137,"column":79}},"18":{"start":{"line":139,"column":8},"end":{"line":139,"column":5431}},"19":{"start":{"line":147,"column":8},"end":{"line":147,"column":80}},"20":{"start":{"line":149,"column":8},"end":{"line":149,"column":24}},"21":{"start":{"line":157,"column":8},"end":{"line":157,"column":85}}},"branchMap":{"1":{"line":83,"type":"if","locations":[{"start":{"line":83,"column":8},"end":{"line":83,"column":8}},{"start":{"line":83,"column":8},"end":{"line":83,"column":8}}]},"2":{"line":93,"type":"if","locations":[{"start":{"line":93,"column":8},"end":{"line":93,"column":8}},{"start":{"line":93,"column":8},"end":{"line":93,"column":8}}]},"3":{"line":96,"type":"if","locations":[{"start":{"line":96,"column":8},"end":{"line":96,"column":8}},{"start":{"line":96,"column":8},"end":{"line":96,"column":8}}]},"4":{"line":99,"type":"if","locations":[{"start":{"line":99,"column":8},"end":{"line":99,"column":8}},{"start":{"line":99,"column":8},"end":{"line":99,"column":8}}]},"5":{"line":102,"type":"if","locations":[{"start":{"line":102,"column":8},"end":{"line":102,"column":8}},{"start":{"line":102,"column":8},"end":{"line":102,"column":8}}]},"6":{"line":119,"type":"if","locations":[{"start":{"line":119,"column":8},"end":{"line":119,"column":8}},{"start":{"line":119,"column":8},"end":{"line":119,"column":8}}]},"7":{"line":122,"type":"if","locations":[{"start":{"line":122,"column":8},"end":{"line":122,"column":8}},{"start":{"line":122,"column":8},"end":{"line":122,"column":8}}]},"8":{"line":126,"type":"if","locations":[{"start":{"line":126,"column":8},"end":{"line":126,"column":8}},{"start":{"line":126,"column":8},"end":{"line":126,"column":8}}]},"9":{"line":157,"type":"if","locations":[{"start":{"line":157,"column":8},"end":{"line":157,"column":8}},{"start":{"line":157,"column":8},"end":{"line":157,"column":8}}]}}},
"contracts/Registry.sol":{"l":{"39":3,"40":3,"41":3,"42":3,"46":1,"47":1,"54":2,"56":2,"57":2,"58":2,"59":2,"61":2,"62":2,"66":2,"70":0,"73":0,"74":0,"77":0,"84":0,"86":0,"88":0,"89":0,"101":4,"103":4,"104":4,"106":4,"108":4,"109":4,"113":4,"117":0,"121":3,"125":7,"130":3,"132":3,"134":3,"138":0,"142":4,"146":6},"path":"/home/martin/decentralized_marketplace2/contracts/Registry.sol","s":{"1":1,"2":2,"3":2,"4":2,"5":2,"6":2,"7":0,"8":0,"9":0,"10":0,"11":0,"12":0,"13":0,"14":4,"15":4,"16":4,"17":4,"18":4,"19":4,"20":4,"21":0,"22":3,"23":7,"24":3,"25":3,"26":3,"27":0,"28":4,"29":6},"b":{"1":[0,1],"2":[0,2],"3":[0,0],"4":[0,4],"5":[0,4],"6":[0,3]},"f":{"1":3,"2":1,"3":2,"4":2,"5":0,"6":0,"7":4,"8":4,"9":0,"10":3,"11":7,"12":3,"13":0,"14":4,"15":6},"fnMap":{"1":{"name":"constructor","line":38,"loc":{"start":{"line":38,"column":4},"end":{"line":43,"column":4}}},"2":{"name":"setMarketplace","line":45,"loc":{"start":{"line":45,"column":4},"end":{"line":48,"column":4}}},"3":{"name":"createRepository","line":53,"loc":{"start":{"line":53,"column":4},"end":{"line":63,"column":4}}},"4":{"name":"_createRepositoryContract","line":65,"loc":{"start":{"line":65,"column":4},"end":{"line":67,"column":4}}},"5":{"name":"getOrCreateRepository","line":69,"loc":{"start":{"line":69,"column":4},"end":{"line":78,"column":4}}},"6":{"name":"mintSoftware","line":80,"loc":{"start":{"line":80,"column":4},"end":{"line":90,"column":4}}},"7":{"name":"mintLicense","line":97,"loc":{"start":{"line":97,"column":4},"end":{"line":110,"column":4}}},"8":{"name":"getLicenseManager","line":112,"loc":{"start":{"line":112,"column":4},"end":{"line":114,"column":4}}},"9":{"name":"isRepository","line":116,"loc":{"start":{"line":116,"column":4},"end":{"line":118,"column":4}}},"10":{"name":"isDeveloper","line":120,"loc":{"start":{"line":120,"column":4},"end":{"line":122,"column":4}}},"11":{"name":"getRepositoryContract","line":124,"loc":{"start":{"line":124,"column":4},"end":{"line":126,"column":4}}},"12":{"name":"repositoryOwnsSoftware","line":129,"loc":{"start":{"line":129,"column":4},"end":{"line":135,"column":4}}},"13":{"name":"hasLicense","line":137,"loc":{"start":{"line":137,"column":4},"end":{"line":139,"column":4}}},"14":{"name":"getMarketplace","line":141,"loc":{"start":{"line":141,"column":4},"end":{"line":143,"column":4}}},"15":{"name":"getRoyaltyManager","line":145,"loc":{"start":{"line":145,"column":4},"end":{"line":147,"column":4}}}},"statementMap":{"1":{"start":{"line":46,"column":8},"end":{"line":46,"column":57}},"2":{"start":{"line":54,"column":8},"end":{"line":54,"column":84}},"3":{"start":{"line":56,"column":8},"end":{"line":56,"column":69}},"4":{"start":{"line":61,"column":8},"end":{"line":61,"column":57}},"5":{"start":{"line":62,"column":8},"end":{"line":62,"column":28}},"6":{"start":{"line":66,"column":8},"end":{"line":66,"column":64}},"7":{"start":{"line":70,"column":8},"end":{"line":70,"column":60}},"8":{"start":{"line":73,"column":8},"end":{"line":73,"column":3016}},"9":{"start":{"line":77,"column":8},"end":{"line":77,"column":26}},"10":{"start":{"line":84,"column":8},"end":{"line":84,"column":52}},"11":{"start":{"line":86,"column":8},"end":{"line":86,"column":95}},"12":{"start":{"line":88,"column":8},"end":{"line":88,"column":59}},"13":{"start":{"line":89,"column":8},"end":{"line":89,"column":22}},"14":{"start":{"line":101,"column":8},"end":{"line":101,"column":61}},"15":{"start":{"line":103,"column":8},"end":{"line":103,"column":65}},"16":{"start":{"line":104,"column":8},"end":{"line":104,"column":77}},"17":{"start":{"line":106,"column":8},"end":{"line":106,"column":108}},"18":{"start":{"line":108,"column":8},"end":{"line":108,"column":75}},"19":{"start":{"line":109,"column":8},"end":{"line":109,"column":24}},"20":{"start":{"line":113,"column":8},"end":{"line":113,"column":29}},"21":{"start":{"line":117,"column":8},"end":{"line":117,"column":47}},"22":{"start":{"line":121,"column":8},"end":{"line":121,"column":56}},"23":{"start":{"line":125,"column":8},"end":{"line":125,"column":42}},"24":{"start":{"line":130,"column":8},"end":{"line":130,"column":71}},"25":{"start":{"line":132,"column":8},"end":{"line":132,"column":55}},"26":{"start":{"line":134,"column":8},"end":{"line":134,"column":72}},"27":{"start":{"line":138,"column":8},"end":{"line":138,"column":86}},"28":{"start":{"line":142,"column":8},"end":{"line":142,"column":26}},"29":{"start":{"line":146,"column":8},"end":{"line":146,"column":29}}},"branchMap":{"1":{"line":46,"type":"if","locations":[{"start":{"line":46,"column":8},"end":{"line":46,"column":8}},{"start":{"line":46,"column":8},"end":{"line":46,"column":8}}]},"2":{"line":54,"type":"if","locations":[{"start":{"line":54,"column":8},"end":{"line":54,"column":8}},{"start":{"line":54,"column":8},"end":{"line":54,"column":8}}]},"3":{"line":73,"type":"if","locations":[{"start":{"line":73,"column":8},"end":{"line":73,"column":8}},{"start":{"line":73,"column":8},"end":{"line":73,"column":8}}]},"4":{"line":101,"type":"if","locations":[{"start":{"line":101,"column":8},"end":{"line":101,"column":8}},{"start":{"line":101,"column":8},"end":{"line":101,"column":8}}]},"5":{"line":104,"type":"if","locations":[{"start":{"line":104,"column":8},"end":{"line":104,"column":8}},{"start":{"line":104,"column":8},"end":{"line":104,"column":8}}]},"6":{"line":130,"type":"if","locations":[{"start":{"line":130,"column":8},"end":{"line":130,"column":8}},{"start":{"line":130,"column":8},"end":{"line":130,"column":8}}]}}},
"contracts/Repository.sol":{"l":{"54":2,"55":2,"56":2,"69":3,"72":3,"74":3,"80":3,"81":3,"82":3,"84":3,"85":3,"92":3,"93":0,"95":3,"96":3,"97":3,"100":3,"101":1,"104":1,"107":1,"108":1,"111":1,"116":0,"120":1,"127":1,"128":0,"135":2,"139":9,"148":8,"149":8,"163":2,"164":2},"path":"/home/martin/decentralized_marketplace2/contracts/Repository.sol","s":{"1":3,"2":3,"3":3,"4":3,"5":3,"6":3,"7":3,"8":3,"9":3,"10":3,"11":3,"12":1,"13":1,"14":1,"15":1,"16":1,"17":1,"18":1,"19":2,"20":9,"21":8,"22":8,"23":2,"24":2},"b":{"1":[0,3],"2":[0,3],"3":[0,1],"4":[0,1],"5":[0,1],"6":[0,8],"7":[0,2]},"f":{"1":2,"2":3,"3":3,"4":2,"5":9,"6":8,"7":2},"fnMap":{"1":{"name":"constructor","line":53,"loc":{"start":{"line":50,"column":4},"end":{"line":57,"column":4}}},"2":{"name":"mintSoftware","line":64,"loc":{"start":{"line":64,"column":4},"end":{"line":86,"column":4}}},"3":{"name":"verifyLicenses","line":88,"loc":{"start":{"line":88,"column":4},"end":{"line":132,"column":4}}},"4":{"name":"getOwner","line":134,"loc":{"start":{"line":134,"column":4},"end":{"line":136,"column":4}}},"5":{"name":"getDeveloper","line":138,"loc":{"start":{"line":138,"column":4},"end":{"line":140,"column":4}}},"6":{"name":"getSoftwareURI","line":145,"loc":{"start":{"line":145,"column":4},"end":{"line":150,"column":4}}},"7":{"name":"getSoftwareDependencies","line":156,"loc":{"start":{"line":156,"column":4},"end":{"line":168,"column":4}}}},"statementMap":{"1":{"start":{"line":69,"column":8},"end":{"line":69,"column":59}},"2":{"start":{"line":72,"column":8},"end":{"line":72,"column":43}},"3":{"start":{"line":81,"column":8},"end":{"line":81,"column":63}},"4":{"start":{"line":82,"column":8},"end":{"line":82,"column":55}},"5":{"start":{"line":84,"column":8},"end":{"line":84,"column":66}},"6":{"start":{"line":85,"column":8},"end":{"line":85,"column":28}},"7":{"start":{"line":92,"column":8},"end":{"line":92,"column":2866}},"8":{"start":{"line":95,"column":8},"end":{"line":95,"column":45}},"9":{"start":{"line":96,"column":8},"end":{"line":96,"column":68}},"10":{"start":{"line":97,"column":8},"end":{"line":97,"column":79}},"11":{"start":{"line":100,"column":8},"end":{"line":100,"column":3176}},"12":{"start":{"line":101,"column":12},"end":{"line":101,"column":55}},"13":{"start":{"line":104,"column":12},"end":{"line":104,"column":57}},"14":{"start":{"line":107,"column":12},"end":{"line":107,"column":3490}},"15":{"start":{"line":108,"column":16},"end":{"line":108,"column":48}},"16":{"start":{"line":111,"column":16},"end":{"line":111,"column":3690}},"17":{"start":{"line":120,"column":16},"end":{"line":120,"column":4037}},"18":{"start":{"line":127,"column":16},"end":{"line":127,"column":4269}},"19":{"start":{"line":135,"column":8},"end":{"line":135,"column":20}},"20":{"start":{"line":139,"column":8},"end":{"line":139,"column":24}},"21":{"start":{"line":148,"column":8},"end":{"line":148,"column":60}},"22":{"start":{"line":149,"column":8},"end":{"line":149,"column":32}},"23":{"start":{"line":163,"column":8},"end":{"line":163,"column":60}},"24":{"start":{"line":164,"column":8},"end":{"line":164,"column":5418}}},"branchMap":{"1":{"line":69,"type":"if","locations":[{"start":{"line":69,"column":8},"end":{"line":69,"column":8}},{"start":{"line":69,"column":8},"end":{"line":69,"column":8}}]},"2":{"line":92,"type":"if","locations":[{"start":{"line":92,"column":8},"end":{"line":92,"column":8}},{"start":{"line":92,"column":8},"end":{"line":92,"column":8}}]},"3":{"line":104,"type":"if","locations":[{"start":{"line":104,"column":12},"end":{"line":104,"column":12}},{"start":{"line":104,"column":12},"end":{"line":104,"column":12}}]},"4":{"line":111,"type":"if","locations":[{"start":{"line":111,"column":16},"end":{"line":111,"column":16}},{"start":{"line":111,"column":16},"end":{"line":111,"column":16}}]},"5":{"line":127,"type":"if","locations":[{"start":{"line":127,"column":16},"end":{"line":127,"column":16}},{"start":{"line":127,"column":16},"end":{"line":127,"column":16}}]},"6":{"line":148,"type":"if","locations":[{"start":{"line":148,"column":8},"end":{"line":148,"column":8}},{"start":{"line":148,"column":8},"end":{"line":148,"column":8}}]},"7":{"line":163,"type":"if","locations":[{"start":{"line":163,"column":8},"end":{"line":163,"column":8}},{"start":{"line":163,"column":8},"end":{"line":163,"column":8}}]}}},
"contracts/RoyaltyManager.sol":{"l":{"31":3,"32":3,"35":3,"50":4,"53":4,"54":4,"55":2,"56":2,"57":2,"61":4,"64":4,"65":4,"70":2,"71":2,"74":1,"77":1,"78":1,"80":1,"90":0,"91":0,"98":0,"100":0,"101":0,"106":3},"path":"/home/martin/decentralized_marketplace2/contracts/RoyaltyManager.sol","s":{"1":3,"2":4,"3":4,"4":4,"5":2,"6":4,"7":4,"8":2,"9":2,"10":1,"11":1,"12":1,"13":0,"14":0,"15":0,"16":0,"17":3},"b":{"1":[0,4],"2":[2,2],"3":[1,1],"4":[0,1],"5":[0,0],"6":[0,0]},"f":{"1":3,"2":4,"3":2,"4":0,"5":0,"6":3},"fnMap":{"1":{"name":"constructor","line":30,"loc":{"start":{"line":30,"column":4},"end":{"line":36,"column":4}}},"2":{"name":"recordSale","line":43,"loc":{"start":{"line":43,"column":4},"end":{"line":66,"column":4}}},"3":{"name":"withdrawRoyalties","line":69,"loc":{"start":{"line":69,"column":4},"end":{"line":81,"column":4}}},"4":{"name":"updateRoyaltyParameters","line":85,"loc":{"start":{"line":85,"column":4},"end":{"line":92,"column":4}}},"5":{"name":"addRoyalties","line":96,"loc":{"start":{"line":96,"column":4},"end":{"line":102,"column":4}}},"6":{"name":"getPendingRoyalties","line":105,"loc":{"start":{"line":105,"column":4},"end":{"line":107,"column":4}}}},"statementMap":{"1":{"start":{"line":35,"column":8},"end":{"line":35,"column":54}},"2":{"start":{"line":50,"column":8},"end":{"line":50,"column":75}},"3":{"start":{"line":53,"column":8},"end":{"line":53,"column":73}},"4":{"start":{"line":54,"column":8},"end":{"line":54,"column":2066}},"5":{"start":{"line":57,"column":12},"end":{"line":57,"column":71}},"6":{"start":{"line":61,"column":8},"end":{"line":61,"column":69}},"7":{"start":{"line":65,"column":8},"end":{"line":65,"column":47}},"8":{"start":{"line":70,"column":8},"end":{"line":70,"column":53}},"9":{"start":{"line":71,"column":8},"end":{"line":71,"column":55}},"10":{"start":{"line":77,"column":8},"end":{"line":77,"column":70}},"11":{"start":{"line":78,"column":8},"end":{"line":78,"column":45}},"12":{"start":{"line":80,"column":8},"end":{"line":80,"column":49}},"13":{"start":{"line":90,"column":8},"end":{"line":90,"column":55}},"14":{"start":{"line":91,"column":8},"end":{"line":91,"column":79}},"15":{"start":{"line":98,"column":8},"end":{"line":98,"column":55}},"16":{"start":{"line":101,"column":8},"end":{"line":101,"column":44}},"17":{"start":{"line":106,"column":8},"end":{"line":106,"column":42}}},"branchMap":{"1":{"line":50,"type":"if","locations":[{"start":{"line":50,"column":8},"end":{"line":50,"column":8}},{"start":{"line":50,"column":8},"end":{"line":50,"column":8}}]},"2":{"line":54,"type":"if","locations":[{"start":{"line":54,"column":8},"end":{"line":54,"column":8}},{"start":{"line":54,"column":8},"end":{"line":54,"column":8}}]},"3":{"line":71,"type":"if","locations":[{"start":{"line":71,"column":8},"end":{"line":71,"column":8}},{"start":{"line":71,"column":8},"end":{"line":71,"column":8}}]},"4":{"line":78,"type":"if","locations":[{"start":{"line":78,"column":8},"end":{"line":78,"column":8}},{"start":{"line":78,"column":8},"end":{"line":78,"column":8}}]},"5":{"line":90,"type":"if","locations":[{"start":{"line":90,"column":8},"end":{"line":90,"column":8}},{"start":{"line":90,"column":8},"end":{"line":90,"column":8}}]},"6":{"line":98,"type":"if","locations":[{"start":{"line":98,"column":8},"end":{"line":98,"column":8}},{"start":{"line":98,"column":8},"end":{"line":98,"column":8}}]}}}}
