TN:
SF:/home/martin/decentralized_marketplace2/contracts/ERC_5521.sol
FN:23,constructor
FN:27,safeMint
FN:40,setTokenURI
FN:48,setNode
FN:65,setNodeReferring
FN:83,setNodeReferred
FN:113,setNodeReferredExternal
FN:133,referringOf
FN:160,referredOf
FN:187,createdTimestampOf
FN:211,tokenURI
FN:216,supportsInterface
FN:228,emitEvents
FN:236,convertMap
FN:265,_exists
FNF:15
FNH:14
FNDA:5,constructor
FNDA:5,safeMint
FNDA:3,setTokenURI
FNDA:3,setNode
FNDA:3,setNodeReferring
FNDA:3,setNodeReferred
FNDA:3,setNodeReferredExternal
FNDA:1,referringOf
FNDA:1,referredOf
FNDA:0,createdTimestampOf
FNDA:4,tokenURI
FNDA:3,supportsInterface
FNDA:6,emitEvents
FNDA:14,convertMap
FNDA:12,_exists
DA:24,5
DA:30,5
DA:32,5
DA:33,3
DA:41,3
DA:42,3
DA:43,3
DA:53,3
DA:54,3
DA:55,3
DA:56,0
DA:59,3
DA:60,3
DA:68,3
DA:70,3
DA:71,3
DA:72,3
DA:74,3
DA:77,3
DA:78,3
DA:84,3
DA:85,3
DA:86,0
DA:87,0
DA:88,0
DA:89,0
DA:92,0
DA:93,0
DA:94,0
DA:97,0
DA:98,0
DA:101,3
DA:102,3
DA:103,3
DA:105,3
DA:114,3
DA:115,3
DA:116,3
DA:117,2
DA:120,3
DA:121,3
DA:122,0
DA:125,3
DA:126,3
DA:140,1
DA:141,1
DA:143,1
DA:144,1
DA:145,1
DA:147,0
DA:148,0
DA:152,0
DA:154,1
DA:167,1
DA:168,1
DA:170,1
DA:171,1
DA:172,1
DA:174,0
DA:175,0
DA:179,0
DA:181,1
DA:193,0
DA:195,0
DA:196,0
DA:197,0
DA:198,0
DA:200,0
DA:201,0
DA:205,0
DA:207,0
DA:212,4
DA:223,3
DA:229,6
DA:230,6
DA:232,6
DA:241,14
DA:243,14
DA:244,14
DA:246,14
DA:247,7
DA:248,7
DA:249,7
DA:250,4
DA:253,7
DA:254,7
DA:255,7
DA:256,4
DA:259,14
DA:266,12
LF:90
LH:64
BRDA:32,1,0,3
BRDA:32,1,1,2
BRDA:41,2,0,3
BRDA:41,2,1,0
BRDA:42,3,0,3
BRDA:42,3,1,0
BRDA:53,4,0,3
BRDA:53,4,1,0
BRDA:55,5,0,0
BRDA:55,5,1,3
BRDA:71,6,0,3
BRDA:71,6,1,0
BRDA:85,7,0,0
BRDA:85,7,1,3
BRDA:88,8,0,0
BRDA:88,8,1,0
BRDA:92,9,0,0
BRDA:92,9,1,0
BRDA:93,10,0,0
BRDA:93,10,1,0
BRDA:103,11,0,3
BRDA:103,11,1,0
BRDA:116,12,0,2
BRDA:116,12,1,1
BRDA:120,13,0,3
BRDA:120,13,1,0
BRDA:121,14,0,0
BRDA:121,14,1,3
BRDA:143,15,0,1
BRDA:143,15,1,0
BRDA:144,16,0,1
BRDA:144,16,1,0
BRDA:148,17,0,0
BRDA:148,17,1,0
BRDA:170,18,0,1
BRDA:170,18,1,0
BRDA:171,19,0,1
BRDA:171,19,1,0
BRDA:175,20,0,0
BRDA:175,20,1,0
BRDA:195,21,0,0
BRDA:195,21,1,0
BRDA:196,22,0,0
BRDA:196,22,1,0
BRDA:201,23,0,0
BRDA:201,23,1,0
BRDA:223,24,0,0
BRDA:223,24,1,3
BRDA:223,25,0,3
BRDA:223,25,1,0
BRDA:246,26,0,7
BRDA:246,26,1,7
BRF:52
BRH:21
end_of_record
TN:
SF:/home/martin/decentralized_marketplace2/contracts/IERC_5521.sol
FNF:0
FNH:0
LF:0
LH:0
BRF:0
BRH:0
end_of_record
TN:
SF:/home/martin/decentralized_marketplace2/contracts/LicenseManager.sol
FN:29,constructor
FN:38,mintLicense
FN:99,hasLicense
FN:117,getUserLicenses
FNF:4
FNH:3
FNDA:3,constructor
FNDA:2,mintLicense
FNDA:1,hasLicense
FNDA:0,getUserLicenses
DA:30,3
DA:44,2
DA:47,2
DA:48,2
DA:51,0
DA:55,2
DA:58,0
DA:62,2
DA:63,2
DA:66,2
DA:67,2
DA:69,2
DA:70,2
DA:71,2
DA:72,2
DA:75,2
DA:78,2
DA:81,2
DA:82,2
DA:85,2
DA:86,2
DA:87,2
DA:89,2
DA:91,2
DA:100,1
DA:102,1
DA:103,2
DA:104,2
DA:105,1
DA:109,0
DA:122,0
DA:123,0
DA:126,0
DA:127,0
DA:128,0
DA:133,0
DA:134,0
DA:137,0
DA:138,0
DA:139,0
DA:140,0
DA:144,0
LF:42
LH:27
BRDA:44,1,0,0
BRDA:44,1,1,2
BRDA:104,2,0,1
BRDA:104,2,1,1
BRDA:127,3,0,0
BRDA:127,3,1,0
BRDA:138,4,0,0
BRDA:138,4,1,0
BRF:8
BRH:3
end_of_record
TN:
SF:/home/martin/decentralized_marketplace2/contracts/Marketplace.sol
FN:63,constructor
FN:77,checkIsListed
FN:82,getListingPrice
FN:88,listSoftware
FN:112,buySoftware
FN:155,cancelListing
FNF:6
FNH:4
FNDA:3,constructor
FNDA:2,checkIsListed
FNDA:0,getListingPrice
FNDA:2,listSoftware
FNDA:2,buySoftware
FNDA:0,cancelListing
DA:64,3
DA:78,2
DA:83,0
DA:84,0
DA:90,2
DA:93,2
DA:96,2
DA:99,2
DA:102,2
DA:105,2
DA:108,2
DA:119,2
DA:122,2
DA:125,2
DA:126,2
DA:128,2
DA:131,2
DA:136,2
DA:137,2
DA:139,2
DA:147,2
DA:149,2
DA:157,0
DA:160,0
LF:24
LH:20
BRDA:83,1,0,0
BRDA:83,1,1,0
BRDA:93,2,0,0
BRDA:93,2,1,2
BRDA:96,3,0,0
BRDA:96,3,1,2
BRDA:99,4,0,0
BRDA:99,4,1,2
BRDA:102,5,0,0
BRDA:102,5,1,2
BRDA:119,6,0,0
BRDA:119,6,1,2
BRDA:122,7,0,0
BRDA:122,7,1,2
BRDA:126,8,0,0
BRDA:126,8,1,2
BRDA:157,9,0,0
BRDA:157,9,1,0
BRF:18
BRH:7
end_of_record
TN:
SF:/home/martin/decentralized_marketplace2/contracts/Registry.sol
FN:38,constructor
FN:45,setMarketplace
FN:53,createRepository
FN:65,_createRepositoryContract
FN:69,getOrCreateRepository
FN:80,mintSoftware
FN:97,mintLicense
FN:112,getLicenseManager
FN:116,isRepository
FN:120,isDeveloper
FN:124,getRepositoryContract
FN:129,repositoryOwnsSoftware
FN:137,hasLicense
FN:141,getMarketplace
FN:145,getRoyaltyManager
FNF:15
FNH:11
FNDA:3,constructor
FNDA:1,setMarketplace
FNDA:2,createRepository
FNDA:2,_createRepositoryContract
FNDA:0,getOrCreateRepository
FNDA:0,mintSoftware
FNDA:2,mintLicense
FNDA:4,getLicenseManager
FNDA:0,isRepository
FNDA:2,isDeveloper
FNDA:6,getRepositoryContract
FNDA:2,repositoryOwnsSoftware
FNDA:0,hasLicense
FNDA:2,getMarketplace
FNDA:2,getRoyaltyManager
DA:39,3
DA:40,3
DA:41,3
DA:42,3
DA:46,1
DA:47,1
DA:54,2
DA:56,2
DA:57,2
DA:58,2
DA:59,2
DA:61,2
DA:62,2
DA:66,2
DA:70,0
DA:73,0
DA:74,0
DA:77,0
DA:84,0
DA:86,0
DA:88,0
DA:89,0
DA:101,2
DA:103,2
DA:104,2
DA:106,2
DA:108,2
DA:109,2
DA:113,4
DA:117,0
DA:121,2
DA:125,6
DA:130,2
DA:132,2
DA:134,2
DA:138,0
DA:142,2
DA:146,2
LF:38
LH:28
BRDA:46,1,0,0
BRDA:46,1,1,1
BRDA:54,2,0,0
BRDA:54,2,1,2
BRDA:73,3,0,0
BRDA:73,3,1,0
BRDA:101,4,0,0
BRDA:101,4,1,2
BRDA:104,5,0,0
BRDA:104,5,1,2
BRDA:130,6,0,0
BRDA:130,6,1,2
BRF:12
BRH:5
end_of_record
TN:
SF:/home/martin/decentralized_marketplace2/contracts/Repository.sol
FN:53,constructor
FN:64,mintSoftware
FN:88,verifyLicenses
FN:134,getOwner
FN:138,getDeveloper
FN:145,getSoftwareURI
FN:156,getSoftwareDependencies
FNF:7
FNH:7
FNDA:2,constructor
FNDA:3,mintSoftware
FNDA:3,verifyLicenses
FNDA:2,getOwner
FNDA:6,getDeveloper
FNDA:4,getSoftwareURI
FNDA:1,getSoftwareDependencies
DA:54,2
DA:55,2
DA:56,2
DA:69,3
DA:72,3
DA:74,3
DA:80,3
DA:81,3
DA:82,3
DA:84,3
DA:85,3
DA:92,3
DA:93,0
DA:95,3
DA:96,3
DA:97,3
DA:100,3
DA:101,1
DA:104,1
DA:107,1
DA:108,1
DA:111,1
DA:116,0
DA:120,1
DA:127,1
DA:128,0
DA:135,2
DA:139,6
DA:148,4
DA:149,4
DA:163,1
DA:164,1
LF:32
LH:29
BRDA:69,1,0,0
BRDA:69,1,1,3
BRDA:92,2,0,0
BRDA:92,2,1,3
BRDA:104,3,0,0
BRDA:104,3,1,1
BRDA:111,4,0,0
BRDA:111,4,1,1
BRDA:127,5,0,0
BRDA:127,5,1,1
BRDA:148,6,0,0
BRDA:148,6,1,4
BRDA:163,7,0,0
BRDA:163,7,1,1
BRF:14
BRH:7
end_of_record
TN:
SF:/home/martin/decentralized_marketplace2/contracts/RoyaltyManager.sol
FN:30,constructor
FN:43,recordSale
FN:69,withdrawRoyalties
FN:85,updateRoyaltyParameters
FN:96,addRoyalties
FN:105,getPendingRoyalties
FNF:6
FNH:2
FNDA:3,constructor
FNDA:2,recordSale
FNDA:0,withdrawRoyalties
FNDA:0,updateRoyaltyParameters
FNDA:0,addRoyalties
FNDA:0,getPendingRoyalties
DA:31,3
DA:32,3
DA:35,3
DA:50,2
DA:53,2
DA:54,2
DA:55,1
DA:56,1
DA:57,1
DA:61,2
DA:64,2
DA:65,2
DA:70,0
DA:71,0
DA:74,0
DA:77,0
DA:78,0
DA:80,0
DA:90,0
DA:91,0
DA:98,0
DA:100,0
DA:101,0
DA:106,0
LF:24
LH:12
BRDA:50,1,0,0
BRDA:50,1,1,2
BRDA:54,2,0,1
BRDA:54,2,1,1
BRDA:71,3,0,0
BRDA:71,3,1,0
BRDA:78,4,0,0
BRDA:78,4,1,0
BRDA:90,5,0,0
BRDA:90,5,1,0
BRDA:98,6,0,0
BRDA:98,6,1,0
BRF:12
BRH:3
end_of_record
